[INFO][server.go:48] 2023/03/12 22:14:55 start listen
[INFO][server.go:88] 2023/03/12 22:15:03 接收新连接
[INFO][server.go:64] 2023/03/12 22:15:38 正在关闭...
[INFO][echo.go:90] 2023/03/12 22:15:38 handler shout down
[WARN][echo.go:69] 2023/03/12 22:15:38 read tcp 127.0.0.1:6380->127.0.0.1:57274: use of closed network connection
[INFO][echo.go:90] 2023/03/12 22:15:38 handler shout down
[INFO][server.go:48] 2023/03/12 22:21:28 start listen
[INFO][server.go:88] 2023/03/12 22:21:32 接收新连接
[INFO][echo.go:66] 2023/03/12 22:22:13 connection close...
[INFO][server.go:64] 2023/03/12 22:22:57 正在关闭...
[INFO][echo.go:90] 2023/03/12 22:22:57 handler shout down
[INFO][server.go:48] 2023/03/12 22:26:37 start listen
[INFO][server.go:88] 2023/03/12 22:26:40 接收新连接
[INFO][server.go:64] 2023/03/12 22:26:50 正在关闭...
[INFO][echo.go:90] 2023/03/12 22:26:50 handler shout down
[WARN][echo.go:69] 2023/03/12 22:26:50 read tcp 127.0.0.1:6380->127.0.0.1:64266: use of closed network connection
[INFO][echo.go:90] 2023/03/12 22:26:50 handler shout down
[INFO][server.go:48] 2023/03/12 22:55:44 start listen
[INFO][server.go:88] 2023/03/12 22:55:48 接收新连接
[ERROR][handler.go:66] 2023/03/12 22:55:52 empty payload
[ERROR][handler.go:66] 2023/03/12 22:56:06 empty payload
[ERROR][handler.go:66] 2023/03/12 22:56:16 empty payload
[ERROR][handler.go:66] 2023/03/12 22:57:30 empty payload
[ERROR][handler.go:66] 2023/03/12 22:57:33 empty payload
[ERROR][handler.go:71] 2023/03/12 22:57:51 require multi bulk reply
[ERROR][handler.go:71] 2023/03/12 22:58:05 require multi bulk reply
[INFO][server.go:88] 2023/03/12 23:00:51 接收新连接
[ERROR][handler.go:66] 2023/03/12 23:00:53 empty payload
[INFO][echo_database.go:22] 2023/03/12 23:00:54 EchoDatabase AfterClientClose
[INFO][handler.go:52] 2023/03/12 23:00:54 connection closed: 127.0.0.1:65271
[ERROR][handler.go:66] 2023/03/12 23:00:54 empty payload
[ERROR][handler.go:66] 2023/03/12 23:00:54 empty payload
[ERROR][handler.go:66] 2023/03/12 23:00:54 empty payload
[ERROR][handler.go:66] 2023/03/12 23:00:58 empty payload
[INFO][server.go:88] 2023/03/12 23:01:21 接收新连接
[INFO][echo_database.go:22] 2023/03/12 23:01:23 EchoDatabase AfterClientClose
[INFO][handler.go:52] 2023/03/12 23:01:23 connection closed: 127.0.0.1:51911
[INFO][server.go:64] 2023/03/12 23:01:27 正在关闭...
[INFO][handler.go:100] 2023/03/12 23:01:27 handler shutting down...
[INFO][echo_database.go:22] 2023/03/12 23:01:27 EchoDatabase AfterClientClose
[INFO][handler.go:52] 2023/03/12 23:01:27 connection closed: 127.0.0.1:52216
[INFO][handler.go:100] 2023/03/12 23:01:27 handler shutting down...
[INFO][echo_database.go:26] 2023/03/12 23:01:27 EchoDatabase Close
[INFO][server.go:48] 2023/03/12 23:01:28 start listen
[INFO][server.go:88] 2023/03/12 23:01:32 接收新连接
[ERROR][handler.go:71] 2023/03/12 23:02:02 require multi bulk reply
[ERROR][handler.go:71] 2023/03/12 23:02:21 require multi bulk reply
[ERROR][handler.go:71] 2023/03/12 23:04:28 require multi bulk reply
[ERROR][handler.go:71] 2023/03/12 23:04:50 require multi bulk reply
[ERROR][handler.go:71] 2023/03/12 23:05:00 require multi bulk reply
[ERROR][handler.go:71] 2023/03/12 23:05:25 require multi bulk reply
[ERROR][handler.go:71] 2023/03/12 23:05:29 require multi bulk reply
[INFO][echo_database.go:22] 2023/03/12 23:07:58 EchoDatabase AfterClientClose
[INFO][handler.go:52] 2023/03/12 23:07:58 connection closed: 127.0.0.1:52321
[INFO][server.go:88] 2023/03/12 23:08:02 接收新连接
[ERROR][handler.go:71] 2023/03/12 23:09:32 require multi bulk reply
[ERROR][handler.go:66] 2023/03/12 23:09:40 empty payload
[ERROR][handler.go:66] 2023/03/12 23:10:00 empty payload
[ERROR][handler.go:71] 2023/03/12 23:10:05 require multi bulk reply
[INFO][server.go:64] 2023/03/12 23:10:21 正在关闭...
[INFO][handler.go:100] 2023/03/12 23:10:21 handler shutting down...
[INFO][echo_database.go:26] 2023/03/12 23:10:21 EchoDatabase Close
[INFO][echo_database.go:22] 2023/03/12 23:10:21 EchoDatabase AfterClientClose
[INFO][handler.go:52] 2023/03/12 23:10:21 connection closed: 127.0.0.1:56219
[INFO][handler.go:100] 2023/03/12 23:10:21 handler shutting down...
[INFO][echo_database.go:26] 2023/03/12 23:10:21 EchoDatabase Close
[INFO][server.go:48] 2023/03/12 23:10:22 start listen
[INFO][server.go:88] 2023/03/12 23:10:25 接收新连接
[ERROR][handler.go:71] 2023/03/12 23:10:45 require multi bulk reply
[INFO][server.go:64] 2023/03/12 23:11:31 正在关闭...
[INFO][handler.go:100] 2023/03/12 23:11:31 handler shutting down...
[INFO][echo_database.go:26] 2023/03/12 23:11:31 EchoDatabase Close
[INFO][echo_database.go:22] 2023/03/12 23:11:31 EchoDatabase AfterClientClose
[INFO][handler.go:52] 2023/03/12 23:11:31 connection closed: 127.0.0.1:57650
[INFO][handler.go:100] 2023/03/12 23:11:31 handler shutting down...
[INFO][echo_database.go:26] 2023/03/12 23:11:31 EchoDatabase Close
[INFO][server.go:48] 2023/03/12 23:11:33 start listen
[INFO][server.go:88] 2023/03/12 23:11:35 接收新连接
[ERROR][handler.go:71] 2023/03/12 23:11:41 require multi bulk reply
[ERROR][handler.go:71] 2023/03/12 23:12:42 require multi bulk reply
[INFO][server.go:64] 2023/03/12 23:13:10 正在关闭...
[INFO][handler.go:100] 2023/03/12 23:13:10 handler shutting down...
[INFO][echo_database.go:26] 2023/03/12 23:13:10 EchoDatabase Close
[INFO][echo_database.go:22] 2023/03/12 23:13:10 EchoDatabase AfterClientClose
[INFO][handler.go:52] 2023/03/12 23:13:10 connection closed: 127.0.0.1:58350
[INFO][handler.go:100] 2023/03/12 23:13:10 handler shutting down...
[INFO][echo_database.go:26] 2023/03/12 23:13:10 EchoDatabase Close
[INFO][server.go:48] 2023/03/12 23:34:28 start listen
[INFO][server.go:88] 2023/03/12 23:34:28 接收新连接
[ERROR][handler.go:66] 2023/03/12 23:34:38 empty payload
[ERROR][handler.go:66] 2023/03/12 23:34:43 empty payload
[INFO][server.go:64] 2023/03/12 23:34:47 正在关闭...
[INFO][handler.go:100] 2023/03/12 23:34:47 handler shutting down...
[INFO][echo_database.go:26] 2023/03/12 23:34:47 EchoDatabase Close
[INFO][echo_database.go:22] 2023/03/12 23:34:47 EchoDatabase AfterClientClose
[INFO][handler.go:52] 2023/03/12 23:34:47 connection closed: 127.0.0.1:61609
[INFO][handler.go:100] 2023/03/12 23:34:47 handler shutting down...
[INFO][echo_database.go:26] 2023/03/12 23:34:47 EchoDatabase Close
