[INFO][server.go:48] 2023/03/13 18:00:09 start listen
[INFO][server.go:88] 2023/03/13 18:00:22 接收新连接
[INFO][server.go:64] 2023/03/13 18:04:39 正在关闭...
[INFO][handler.go:103] 2023/03/13 18:04:39 handler shutting down...
[INFO][handler.go:52] 2023/03/13 18:04:39 connection closed: 127.0.0.1:59492
[INFO][handler.go:103] 2023/03/13 18:04:39 handler shutting down...
[INFO][server.go:48] 2023/03/13 18:04:41 start listen
[INFO][server.go:88] 2023/03/13 18:04:43 接收新连接
[ERROR][handler.go:66] 2023/03/13 18:06:33 empty payload
[ERROR][handler.go:66] 2023/03/13 18:06:35 empty payload
[INFO][server.go:64] 2023/03/13 18:08:52 正在关闭...
[INFO][handler.go:103] 2023/03/13 18:08:52 handler shutting down...
[INFO][handler.go:52] 2023/03/13 18:08:52 connection closed: 127.0.0.1:62145
[INFO][handler.go:103] 2023/03/13 18:08:52 handler shutting down...
[INFO][server.go:48] 2023/03/13 18:08:53 start listen
[INFO][server.go:88] 2023/03/13 18:08:56 接收新连接
[INFO][server.go:64] 2023/03/13 18:10:12 正在关闭...
[INFO][handler.go:103] 2023/03/13 18:10:12 handler shutting down...
[INFO][handler.go:52] 2023/03/13 18:10:12 connection closed: 127.0.0.1:64675
[INFO][handler.go:103] 2023/03/13 18:10:12 handler shutting down...
[INFO][server.go:48] 2023/03/13 18:10:19 start listen
[INFO][server.go:64] 2023/03/13 18:10:21 正在关闭...
[INFO][handler.go:103] 2023/03/13 18:10:21 handler shutting down...
[INFO][handler.go:103] 2023/03/13 18:10:21 handler shutting down...
[INFO][server.go:48] 2023/03/13 18:10:23 start listen
[INFO][server.go:88] 2023/03/13 18:10:27 接收新连接
[INFO][server.go:64] 2023/03/13 18:11:31 正在关闭...
[INFO][handler.go:103] 2023/03/13 18:11:31 handler shutting down...
[INFO][handler.go:52] 2023/03/13 18:11:31 connection closed: 127.0.0.1:49213
[INFO][handler.go:103] 2023/03/13 18:11:31 handler shutting down...
[INFO][server.go:48] 2023/03/13 18:11:32 start listen
[INFO][server.go:88] 2023/03/13 18:11:35 接收新连接
[INFO][server.go:64] 2023/03/13 18:13:52 正在关闭...
[INFO][handler.go:103] 2023/03/13 18:13:52 handler shutting down...
[INFO][handler.go:52] 2023/03/13 18:13:52 connection closed: 127.0.0.1:49893
[INFO][handler.go:103] 2023/03/13 18:13:52 handler shutting down...
[INFO][server.go:48] 2023/03/13 18:13:54 start listen
[INFO][server.go:88] 2023/03/13 18:13:57 接收新连接
[INFO][server.go:64] 2023/03/13 18:16:06 正在关闭...
[INFO][handler.go:103] 2023/03/13 18:16:06 handler shutting down...
[INFO][handler.go:52] 2023/03/13 18:16:06 connection closed: 127.0.0.1:51324
[INFO][handler.go:103] 2023/03/13 18:16:06 handler shutting down...
[INFO][server.go:48] 2023/03/13 18:16:07 start listen
[INFO][server.go:88] 2023/03/13 18:16:11 接收新连接
[ERROR][databse.go:47] 2023/03/13 18:16:27 interface conversion: interface {} is string, not []uint8
[INFO][server.go:64] 2023/03/13 18:18:11 正在关闭...
[INFO][handler.go:103] 2023/03/13 18:18:11 handler shutting down...
[INFO][handler.go:52] 2023/03/13 18:18:11 connection closed: 127.0.0.1:52664
[INFO][handler.go:103] 2023/03/13 18:18:11 handler shutting down...
[INFO][server.go:48] 2023/03/13 18:18:13 start listen
[INFO][server.go:88] 2023/03/13 18:18:31 接收新连接
[INFO][server.go:64] 2023/03/13 18:24:45 正在关闭...
[INFO][handler.go:103] 2023/03/13 18:24:45 handler shutting down...
[INFO][handler.go:52] 2023/03/13 18:24:45 connection closed: 127.0.0.1:54062
[INFO][handler.go:103] 2023/03/13 18:24:45 handler shutting down...
[INFO][server.go:48] 2023/03/13 18:24:47 start listen
[INFO][server.go:88] 2023/03/13 18:24:52 接收新连接
[INFO][server.go:64] 2023/03/13 18:25:10 正在关闭...
[INFO][handler.go:103] 2023/03/13 18:25:10 handler shutting down...
[INFO][handler.go:52] 2023/03/13 18:25:10 connection closed: 127.0.0.1:57885
[INFO][handler.go:103] 2023/03/13 18:25:10 handler shutting down...
[INFO][server.go:48] 2023/03/13 18:25:11 start listen
[INFO][server.go:88] 2023/03/13 18:25:13 接收新连接
[INFO][server.go:64] 2023/03/13 18:25:47 正在关闭...
[INFO][handler.go:103] 2023/03/13 18:25:47 handler shutting down...
[INFO][handler.go:52] 2023/03/13 18:25:47 connection closed: 127.0.0.1:58100
[INFO][handler.go:103] 2023/03/13 18:25:47 handler shutting down...
[INFO][server.go:48] 2023/03/13 18:25:48 start listen
[INFO][server.go:88] 2023/03/13 18:25:50 接收新连接
[INFO][handler.go:52] 2023/03/13 18:26:34 connection closed: 127.0.0.1:58474
[INFO][server.go:64] 2023/03/13 18:26:34 正在关闭...
[INFO][handler.go:103] 2023/03/13 18:26:34 handler shutting down...
